Running on host: pascal-003
Time is: Wed Feb 17 14:24:53 GMT 2021
Directory is: /home/br-jhawkins/projects/racing-sim
PBS job ID is: 39546.master.gw4.metoffice.gov.uk
This jobs runs on the following machines: 10.141.0.13
GPU selected: 

Preferences:  [1.0, 0.75, 0.4684691918618451, 0.75, 0.4684691918618451, 1.0, 0.75, 0.4684691918618451, 0.75, 0.4684691918618451, 1.0, 0.75, 0.4684691918618451, 0.75, 0.4684691918618451, 1.0, 0.75, 0.4684691918618451, 0.75, 0.4684691918618451]
The kernel ran in 10.396977663040161 seconds
[[ 907.3932   942.15643  790.822   ...  778.44635  914.8845   480.5953 ]
 [ 932.3264  1002.5582   782.54645 ...  763.3826   858.98987  455.81396]
 [ 893.3952   890.86505  768.708   ...  761.3161   908.0208   477.4087 ]
 ...
 [1003.1873   964.2448   806.336   ...  773.9294   869.8375   489.88312]
 [ 965.1362  1002.7712   788.70056 ...  768.07355  891.2044   478.5703 ]
 [ 946.4247  1002.6297   777.78156 ...  765.83966  937.26306  479.09094]]
[10  2  4 ...  1  2  2]
Avergage position:  863.41943
not finished:  []
Best racer:  [2]
plt saved
